c:\users\320052456\documents\bootcamp\casestudy1\rulesbasedalertingsystem\x64\debug\rulesbasedalertingsystem.pch
c:\users\320052456\documents\bootcamp\casestudy1\rulesbasedalertingsystem\x64\debug\vc140.pdb
c:\users\320052456\documents\bootcamp\casestudy1\rulesbasedalertingsystem\x64\debug\vc140.idb
c:\users\320052456\documents\bootcamp\casestudy1\rulesbasedalertingsystem\x64\debug\stdafx.obj
c:\users\320052456\documents\bootcamp\casestudy1\rulesbasedalertingsystem\x64\debug\rulesbasedalertingsystem.obj
c:\users\320052608\rulesbasedalertingsystem\rulesbasedalertingsystem\x64\debug\rulesbasedalertingsystem.pch
c:\users\320052608\rulesbasedalertingsystem\rulesbasedalertingsystem\x64\debug\vc141.pdb
c:\users\320052608\rulesbasedalertingsystem\rulesbasedalertingsystem\x64\debug\vc141.idb
c:\users\320052608\rulesbasedalertingsystem\rulesbasedalertingsystem\x64\debug\stdafx.obj
c:\users\320052608\rulesbasedalertingsystem\rulesbasedalertingsystem\x64\debug\rulesbasedalertingsystem.obj
c:\users\320052456\documents\bootcamp\casestudy1\rulesbasedalertingsystem\x64\debug\rulesbasedalertingsystem.ilk
c:\users\320052456\documents\bootcamp\casestudy1\rulesbasedalertingsystem\x64\debug\rulesbasedalertingsystem.exe
c:\users\320052456\documents\bootcamp\casestudy1\rulesbasedalertingsystem\x64\debug\rulesbasedalertingsystem.pdb
c:\users\320052608\rulesbasedalertingsystem\rulesbasedalertingsystem\x64\debug\rulesbasedalertingsystem.ilk
c:\users\320052608\rulesbasedalertingsystem\rulesbasedalertingsystem\x64\debug\rulesbasedalertingsystem.exe
c:\users\320052608\rulesbasedalertingsystem\rulesbasedalertingsystem\x64\debug\rulesbasedalertingsystem.pdb
c:\users\320052608\rulesbasedalertingsystem\rulesbasedalertingsystem\x64\debug\vc140.idb
c:\users\320052608\rulesbasedalertingsystem\rulesbasedalertingsystem\x64\debug\vc140.pdb
c:\users\320052608\rulesbasedalertingsystem\rulesbasedalertingsystem\x64\debug\rulesbas.2f26d60a.tlog\cl.command.1.tlog
c:\users\320052608\rulesbasedalertingsystem\rulesbasedalertingsystem\x64\debug\rulesbas.2f26d60a.tlog\cl.read.1.tlog
c:\users\320052608\rulesbasedalertingsystem\rulesbasedalertingsystem\x64\debug\rulesbas.2f26d60a.tlog\cl.write.1.tlog
c:\users\320052608\rulesbasedalertingsystem\rulesbasedalertingsystem\x64\debug\rulesbas.2f26d60a.tlog\link.command.1.tlog
c:\users\320052608\rulesbasedalertingsystem\rulesbasedalertingsystem\x64\debug\rulesbas.2f26d60a.tlog\link.delete.1.tlog
c:\users\320052608\rulesbasedalertingsystem\rulesbasedalertingsystem\x64\debug\rulesbas.2f26d60a.tlog\link.read.1.tlog
c:\users\320052608\rulesbasedalertingsystem\rulesbasedalertingsystem\x64\debug\rulesbas.2f26d60a.tlog\link.write.1.tlog
